{"t":{"$date":"2026-05-26T14:55:46.299-05:00"},"s":"I",  "c":"CONTROL",  "id":23285,   "ctx":"thread1","msg":"Automatically disabling TLS 1.0, to force-enable TLS 1.0 specify --sslDisabledProtocols 'none'"}
{"t":{"$date":"2026-05-26T14:55:46.326-05:00"},"s":"I",  "c":"NETWORK",  "id":4915701, "ctx":"thread1","msg":"Initialized wire specification","attr":{"spec":{"incomingExternalClient":{"minWireVersion":0,"maxWireVersion":21},"incomingInternalClient":{"minWireVersion":0,"maxWireVersion":21},"outgoing":{"minWireVersion":6,"maxWireVersion":21},"isInternalClient":true}}}
{"t":{"$date":"2026-05-26T14:56:15.290-05:00"},"s":"I",  "c":"NETWORK",  "id":4648602, "ctx":"thread1","msg":"Implicit TCP FastOpen in use."}
{"t":{"$date":"2026-05-26T14:56:15.524-05:00"},"s":"I",  "c":"REPL",     "id":5123008, "ctx":"thread1","msg":"Successfully registered PrimaryOnlyService","attr":{"service":"TenantMigrationDonorService","namespace":"config.tenantMigrationDonors"}}
{"t":{"$date":"2026-05-26T14:56:15.536-05:00"},"s":"I",  "c":"REPL",     "id":5123008, "ctx":"thread1","msg":"Successfully registered PrimaryOnlyService","attr":{"service":"TenantMigrationRecipientService","namespace":"config.tenantMigrationRecipients"}}
{"t":{"$date":"2026-05-26T14:56:15.537-05:00"},"s":"I",  "c":"CONTROL",  "id":5945603, "ctx":"thread1","msg":"Multi threading initialized"}
{"t":{"$date":"2026-05-26T14:56:15.538-05:00"},"s":"I",  "c":"TENANT_M", "id":7091600, "ctx":"thread1","msg":"Starting TenantMigrationAccessBlockerRegistry"}
{"t":{"$date":"2026-05-26T14:56:15.655-05:00"},"s":"I",  "c":"CONTROL",  "id":4615611, "ctx":"initandlisten","msg":"MongoDB starting","attr":{"pid":262896,"port":27017,"dbPath":"C:/Users/AdminR11k/Downloads/NUEVO-APK-main/NUEVO-APK-main/backend/.mongo-data","architecture":"64-bit","host":"DESKTOP-C0SHG30"}}
{"t":{"$date":"2026-05-26T14:56:15.656-05:00"},"s":"I",  "c":"CONTROL",  "id":23398,   "ctx":"initandlisten","msg":"Target operating system minimum version","attr":{"targetMinOS":"Windows 7/Windows Server 2008 R2"}}
{"t":{"$date":"2026-05-26T14:56:15.656-05:00"},"s":"I",  "c":"CONTROL",  "id":23403,   "ctx":"initandlisten","msg":"Build Info","attr":{"buildInfo":{"version":"7.0.28","gitVersion":"cfc346c59d2cc3dbc903507fc642e22e3097f362","modules":[],"allocator":"tcmalloc","environment":{"distmod":"windows","distarch":"x86_64","target_arch":"x86_64"}}}}
{"t":{"$date":"2026-05-26T14:56:15.771-05:00"},"s":"I",  "c":"CONTROL",  "id":51765,   "ctx":"initandlisten","msg":"Operating System","attr":{"os":{"name":"Microsoft Windows 10","version":"10.0 (build 19045)"}}}
{"t":{"$date":"2026-05-26T14:56:15.782-05:00"},"s":"I",  "c":"CONTROL",  "id":21951,   "ctx":"initandlisten","msg":"Options set by command line","attr":{"options":{"net":{"bindIp":"127.0.0.1","port":27017},"storage":{"dbPath":"C:\\Users\\AdminR11k\\Downloads\\NUEVO-APK-main\\NUEVO-APK-main\\backend\\.mongo-data"},"systemLog":{"destination":"file","logAppend":true,"path":"C:\\Users\\AdminR11k\\Downloads\\NUEVO-APK-main\\NUEVO-APK-main\\backend\\.mongo-data\\mongod-login.log"}}}}
{"t":{"$date":"2026-05-26T14:56:15.850-05:00"},"s":"E",  "c":"CONTROL",  "id":20557,   "ctx":"initandlisten","msg":"DBException in initAndListen, terminating","attr":{"error":"DBPathInUse: Unable to create/open the lock file: C:\\Users\\AdminR11k\\Downloads\\NUEVO-APK-main\\NUEVO-APK-main\\backend\\.mongo-data\\mongod.lock (El proceso no tiene acceso al archivo porque est\ufffd siendo utilizado por otro proceso.). Ensure the user executing mongod is the owner of the lock file and has the appropriate permissions. Also make sure that another mongod instance is not already running on the C:\\Users\\AdminR11k\\Downloads\\NUEVO-APK-main\\NUEVO-APK-main\\backend\\.mongo-data directory"}}
{"t":{"$date":"2026-05-26T14:56:15.851-05:00"},"s":"I",  "c":"REPL",     "id":4784900, "ctx":"initandlisten","msg":"Stepping down the ReplicationCoordinator for shutdown","attr":{"waitTimeMillis":15000}}
{"t":{"$date":"2026-05-26T14:56:15.856-05:00"},"s":"I",  "c":"REPL",     "id":4794602, "ctx":"initandlisten","msg":"Attempting to enter quiesce mode"}
{"t":{"$date":"2026-05-26T14:56:15.858-05:00"},"s":"I",  "c":"-",        "id":6371601, "ctx":"initandlisten","msg":"Shutting down the FLE Crud thread pool"}
{"t":{"$date":"2026-05-26T14:56:15.859-05:00"},"s":"I",  "c":"COMMAND",  "id":4784901, "ctx":"initandlisten","msg":"Shutting down the MirrorMaestro"}
{"t":{"$date":"2026-05-26T14:56:15.859-05:00"},"s":"I",  "c":"SHARDING", "id":4784902, "ctx":"initandlisten","msg":"Shutting down the WaitForMajorityService"}
{"t":{"$date":"2026-05-26T14:56:15.860-05:00"},"s":"I",  "c":"NETWORK",  "id":20562,   "ctx":"initandlisten","msg":"Shutdown: going to close listening sockets"}
{"t":{"$date":"2026-05-26T14:56:15.860-05:00"},"s":"I",  "c":"NETWORK",  "id":4784905, "ctx":"initandlisten","msg":"Shutting down the global connection pool"}
{"t":{"$date":"2026-05-26T14:56:15.861-05:00"},"s":"I",  "c":"CONTROL",  "id":4784906, "ctx":"initandlisten","msg":"Shutting down the FlowControlTicketholder"}
{"t":{"$date":"2026-05-26T14:56:15.861-05:00"},"s":"I",  "c":"-",        "id":20520,   "ctx":"initandlisten","msg":"Stopping further Flow Control ticket acquisitions."}
{"t":{"$date":"2026-05-26T14:56:15.861-05:00"},"s":"I",  "c":"NETWORK",  "id":4784918, "ctx":"initandlisten","msg":"Shutting down the ReplicaSetMonitor"}
{"t":{"$date":"2026-05-26T14:56:15.864-05:00"},"s":"I",  "c":"SHARDING", "id":4784921, "ctx":"initandlisten","msg":"Shutting down the MigrationUtilExecutor"}
{"t":{"$date":"2026-05-26T14:56:15.868-05:00"},"s":"I",  "c":"ASIO",     "id":22582,   "ctx":"MigrationUtil-TaskExecutor","msg":"Killing all outstanding egress activity."}
{"t":{"$date":"2026-05-26T14:56:15.938-05:00"},"s":"I",  "c":"COMMAND",  "id":4784923, "ctx":"initandlisten","msg":"Shutting down the ServiceEntryPoint"}
{"t":{"$date":"2026-05-26T14:56:15.953-05:00"},"s":"I",  "c":"CONTROL",  "id":4784928, "ctx":"initandlisten","msg":"Shutting down the TTL monitor"}
{"t":{"$date":"2026-05-26T14:56:15.953-05:00"},"s":"I",  "c":"CONTROL",  "id":6278511, "ctx":"initandlisten","msg":"Shutting down the Change Stream Expired Pre-images Remover"}
{"t":{"$date":"2026-05-26T14:56:15.955-05:00"},"s":"I",  "c":"CONTROL",  "id":4784929, "ctx":"initandlisten","msg":"Acquiring the global lock for shutdown"}
{"t":{"$date":"2026-05-26T14:56:15.960-05:00"},"s":"I",  "c":"-",        "id":4784931, "ctx":"initandlisten","msg":"Dropping the scope cache for shutdown"}
{"t":{"$date":"2026-05-26T14:56:15.962-05:00"},"s":"I",  "c":"CONTROL",  "id":20565,   "ctx":"initandlisten","msg":"Now exiting"}
{"t":{"$date":"2026-05-26T14:56:15.967-05:00"},"s":"I",  "c":"CONTROL",  "id":8423404, "ctx":"initandlisten","msg":"mongod shutdown complete","attr":{"Summary of time elapsed":{"Statistics":{"Enter terminal shutdown":"0 ms","Step down the replication coordinator for shutdown":"6 ms","Time spent in quiesce mode":"0 ms","Shut down FLE Crud subsystem":"2 ms","Shut down MirrorMaestro":"1 ms","Shut down WaitForMajorityService":"1 ms","Shut down the transport layer":"0 ms","Shut down the global connection pool":"0 ms","Shut down the flow control ticket holder":"1 ms","Shut down the replica set monitor":"0 ms","Shut down the migration util executor":"10 ms","Shut down the TTL monitor":"0 ms","Shut down expired pre-images and documents removers":"0 ms","Wait for the oplog cap maintainer thread to stop":"0 ms","Shut down full-time data capture":"0 ms","shutdownTask total elapsed time":"114 ms"}}}}
{"t":{"$date":"2026-05-26T14:56:15.967-05:00"},"s":"I",  "c":"CONTROL",  "id":23138,   "ctx":"initandlisten","msg":"Shutting down","attr":{"exitCode":100}}
